[    0.000000] Initializing cgroup subsys cpuset
[    0.000000] Initializing cgroup subsys cpu
[    0.000000] Initializing cgroup subsys cpuacct
[    0.000000] Linux version 4.4.0-210-generic (buildd@lgw01-amd64-009) (gcc version 5.4.0 20160609 (Ubuntu 5.4.0-6ubuntu1~16.04.12) ) #242-Ubuntu SMP Fri Apr 16 09:57:56 UTC 2021 (Ubuntu 4.4.0-210.242-generic 4.4.262)
[    0.000000] Command line: BOOT_IMAGE=/boot/vmlinuz-4.4.0-210-generic root=LABEL=cloudimg-rootfs ro console=tty1 console=ttyS0
[    0.000000] KERNEL supported cpus:
[    0.000000]   Intel GenuineIntel
[    0.000000]   AMD AuthenticAMD
[    0.000000]   Centaur CentaurHauls
[    0.000000] [Firmware Bug]: TSC doesn't count with P0 frequency!
[    0.000000] x86/fpu: xstate_offset[2]:  576, xstate_sizes[2]:  256
[    0.000000] x86/fpu: Supporting XSAVE feature 0x01: 'x87 floating point registers'
[    0.000000] x86/fpu: Supporting XSAVE feature 0x02: 'SSE registers'
[    0.000000] x86/fpu: Supporting XSAVE feature 0x04: 'AVX registers'
[    0.000000] x86/fpu: Enabled xstate features 0x7, context size is 832 bytes, using 'standard' format.
[    0.000000] e820: BIOS-provided physical RAM map:
[    0.000000] BIOS-e820: [mem 0x0000000000000000-0x000000000009fbff] usable
[    0.000000] BIOS-e820: [mem 0x000000000009fc00-0x000000000009ffff] reserved
[    0.000000] BIOS-e820: [mem 0x00000000000f0000-0x00000000000fffff] reserved
[    0.000000] BIOS-e820: [mem 0x0000000000100000-0x000000003ffeffff] usable
[    0.000000] BIOS-e820: [mem 0x000000003fff0000-0x000000003fffffff] ACPI data
[    0.000000] BIOS-e820: [mem 0x00000000fec00000-0x00000000fec00fff] reserved
[    0.000000] BIOS-e820: [mem 0x00000000fee00000-0x00000000fee00fff] reserved
[    0.000000] BIOS-e820: [mem 0x00000000fffc0000-0x00000000ffffffff] reserved
[    0.000000] NX (Execute Disable) protection: active
[    0.000000] SMBIOS 2.5 present.
[    0.000000] Hypervisor detected: KVM
[    0.000000] Kernel/User page tables isolation: disabled
[    0.000000] e820: last_pfn = 0x3fff0 max_arch_pfn = 0x400000000
[    0.000000] MTRR: Disabled
[    0.000000] x86/PAT: MTRRs disabled, skipping PAT initialization too.
[    0.000000] CPU MTRRs all blank - virtualized system.
[    0.000000] x86/PAT: Configuration [0-7]: WB  WT  UC- UC  WB  WT  UC- UC  
[    0.000000] found SMP MP-table at [mem 0x0009fff0-0x0009ffff] mapped at [ffff88000009fff0]
[    0.000000] Scanning 1 areas for low memory corruption
[    0.000000] RAMDISK: [mem 0x362dc000-0x37165fff]
[    0.000000] ACPI: Early table checksum verification disabled
[    0.000000] ACPI: RSDP 0x00000000000E0000 000024 (v02 VBOX  )
[    0.000000] ACPI: XSDT 0x000000003FFF0030 00003C (v01 VBOX   VBOXXSDT 00000001 ASL  00000061)
[    0.000000] ACPI: FACP 0x000000003FFF00F0 0000F4 (v04 VBOX   VBOXFACP 00000001 ASL  00000061)
[    0.000000] ACPI: DSDT 0x000000003FFF0470 002325 (v02 VBOX   VBOXBIOS 00000002 INTL 20100528)
[    0.000000] ACPI: FACS 0x000000003FFF0200 000040
[    0.000000] ACPI: FACS 0x000000003FFF0200 000040
[    0.000000] ACPI: APIC 0x000000003FFF0240 00005C (v02 VBOX   VBOXAPIC 00000001 ASL  00000061)
[    0.000000] ACPI: SSDT 0x000000003FFF02A0 0001CC (v01 VBOX   VBOXCPUT 00000002 INTL 20100528)
[    0.000000] No NUMA configuration found
[    0.000000] Faking a node at [mem 0x0000000000000000-0x000000003ffeffff]
[    0.000000] NODE_DATA(0) allocated [mem 0x3ffeb000-0x3ffeffff]
[    0.000000] kvm-clock: Using msrs 4b564d01 and 4b564d00
[    0.000000] kvm-clock: cpu 0, msr 0:3ffe3001, primary cpu clock
[    0.000000] kvm-clock: using sched offset of 6146821815 cycles
[    0.000000] clocksource: kvm-clock: mask: 0xffffffffffffffff max_cycles: 0x1cd42e4dffb, max_idle_ns: 881590591483 ns
[    0.000000] Zone ranges:
[    0.000000]   DMA      [mem 0x0000000000001000-0x0000000000ffffff]
[    0.000000]   DMA32    [mem 0x0000000001000000-0x000000003ffeffff]
[    0.000000]   Normal   empty
[    0.000000]   Device   empty
[    0.000000] Movable zone start for each node
[    0.000000] Early memory node ranges
[    0.000000]   node   0: [mem 0x0000000000001000-0x000000000009efff]
[    0.000000]   node   0: [mem 0x0000000000100000-0x000000003ffeffff]
[    0.000000] Initmem setup node 0 [mem 0x0000000000001000-0x000000003ffeffff]
[    0.000000] ACPI: PM-Timer IO Port: 0x4008
[    0.000000] IOAPIC[0]: apic_id 2, version 32, address 0xfec00000, GSI 0-23
[    0.000000] ACPI: INT_SRC_OVR (bus 0 bus_irq 0 global_irq 2 dfl dfl)
[    0.000000] ACPI: INT_SRC_OVR (bus 0 bus_irq 9 global_irq 9 low level)
[    0.000000] Using ACPI (MADT) for SMP configuration information
[    0.000000] smpboot: Allowing 2 CPUs, 0 hotplug CPUs
[    0.000000] PM: Registered nosave memory: [mem 0x00000000-0x00000fff]
[    0.000000] PM: Registered nosave memory: [mem 0x0009f000-0x0009ffff]
[    0.000000] PM: Registered nosave memory: [mem 0x000a0000-0x000effff]
[    0.000000] PM: Registered nosave memory: [mem 0x000f0000-0x000fffff]
[    0.000000] e820: [mem 0x40000000-0xfebfffff] available for PCI devices
[    0.000000] Booting paravirtualized kernel on KVM
[    0.000000] clocksource: refined-jiffies: mask: 0xffffffff max_cycles: 0xffffffff, max_idle_ns: 7645519600211568 ns
[    0.000000] setup_percpu: NR_CPUS:512 nr_cpumask_bits:512 nr_cpu_ids:2 nr_node_ids:1
[    0.000000] PERCPU: Embedded 33 pages/cpu @ffff88003fc00000 s95192 r8192 d31784 u1048576
[    0.000000] Built 1 zonelists in Node order, mobility grouping on.  Total pages: 257912
[    0.000000] Policy zone: DMA32
[    0.000000] Kernel command line: BOOT_IMAGE=/boot/vmlinuz-4.4.0-210-generic root=LABEL=cloudimg-rootfs ro console=tty1 console=ttyS0
[    0.000000] PID hash table entries: 4096 (order: 3, 32768 bytes)
[    0.000000] Memory: 997792K/1048120K available (8644K kernel code, 1332K rwdata, 4044K rodata, 1492K init, 1164K bss, 50328K reserved, 0K cma-reserved)
[    0.000000] SLUB: HWalign=64, Order=0-3, MinObjects=0, CPUs=2, Nodes=1
[    0.000000] Hierarchical RCU implementation.
[    0.000000] 	Build-time adjustment of leaf fanout to 64.
[    0.000000] 	RCU restricting CPUs from NR_CPUS=512 to nr_cpu_ids=2.
[    0.000000] RCU: Adjusting geometry for rcu_fanout_leaf=64, nr_cpu_ids=2
[    0.000000] NR_IRQS:33024 nr_irqs:440 16
[    0.000000] Console: colour VGA+ 80x25
[    0.000000] console [tty1] enabled
[    0.000000] console [ttyS0] enabled
[    0.000000] tsc: Detected 2595.120 MHz processor
[    0.308315] Calibrating delay loop (skipped) preset value.. 5190.24 BogoMIPS (lpj=10380480)
[    0.313052] pid_max: default: 32768 minimum: 301
[    0.314749] ACPI: Core revision 20150930
[    0.317685] ACPI: 2 ACPI AML tables successfully acquired and loaded
[    0.319804] Security Framework initialized
[    0.321712] Yama: becoming mindful.
[    0.323073] AppArmor: AppArmor initialized
[    0.324806] Dentry cache hash table entries: 131072 (order: 8, 1048576 bytes)
[    0.328947] Inode-cache hash table entries: 65536 (order: 7, 524288 bytes)
[    0.336267] Mount-cache hash table entries: 2048 (order: 2, 16384 bytes)
[    0.338423] Mountpoint-cache hash table entries: 2048 (order: 2, 16384 bytes)
[    0.341312] Initializing cgroup subsys io
[    0.342842] Initializing cgroup subsys memory
[    0.344336] Initializing cgroup subsys devices
[    0.346428] Initializing cgroup subsys freezer
[    0.348170] Initializing cgroup subsys net_cls
[    0.349807] Initializing cgroup subsys perf_event
[    0.351361] Initializing cgroup subsys net_prio
[    0.352935] Initializing cgroup subsys hugetlb
[    0.354535] Initializing cgroup subsys pids
[    0.365825] mce: CPU supports 0 MCE banks
[    0.367611] Last level iTLB entries: 4KB 1024, 2MB 1024, 4MB 512
[    0.371319] Last level dTLB entries: 4KB 1536, 2MB 1536, 4MB 768, 1GB 0
[    0.373368] Spectre V1 : Mitigation: usercopy/swapgs barriers and __user pointer sanitization
[    0.376196] Spectre V2 : Spectre mitigation: LFENCE not serializing, switching to generic retpoline
[    0.379217] Spectre V2 : Mitigation: Full generic retpoline
[    0.380976] Spectre V2 : Spectre v2 / SpectreRSB mitigation: Filling RSB on context switch
[    0.388410] Freeing SMP alternatives memory: 36K
[    0.401027] ftrace: allocating 32380 entries in 127 pages
[    0.525584] smpboot: APIC(0) Converting physical 0 to logical package 0
[    0.530258] smpboot: Max logical packages: 1
[    0.532081] x2apic enabled
[    0.533792] Switched APIC routing to physical x2apic.
[    0.537177] ..TIMER: vector=0x30 apic1=0 pin1=2 apic2=-1 pin2=-1
[    0.677691] APIC calibration not consistent with PM-Timer: 130ms instead of 100ms
[    0.681261] APIC delta adjusted to PM-Timer: 6242502 (8152448)
[    0.684323] smpboot: CPU0: AMD Ryzen 3 3250U with Radeon Graphics (family: 0x17, model: 0x18, stepping: 0x1)
[    0.691707] Performance Events: Broken PMU hardware detected, using software events only.
[    0.695269] Failed to access perfctr msr (MSR c0010007 is 0)
[    0.715229] KVM setup paravirtual spinlock
[    0.718954] x86: Booting SMP configuration:
[    0.753881] .... node  #0, CPUs:      #1
[    0.755776] kvm-clock: cpu 1, msr 0:3ffe3041, secondary cpu clock
[    0.769183] mce: CPU supports 0 MCE banks
[    0.772205] x86: Booted up 1 node, 2 CPUs
[    0.774262] smpboot: Total of 2 processors activated (10380.48 BogoMIPS)
[    0.777559] devtmpfs: initialized
[    0.782541] evm: security.selinux
[    0.783914] evm: security.SMACK64
[    0.785254] evm: security.SMACK64EXEC
[    0.787337] evm: security.SMACK64TRANSMUTE
[    0.811364] evm: security.SMACK64MMAP
[    0.813533] evm: security.ima
[    0.818936] evm: security.capability
[    0.854482] clocksource: jiffies: mask: 0xffffffff max_cycles: 0xffffffff, max_idle_ns: 7645041785100000 ns
[    0.860315] futex hash table entries: 512 (order: 3, 32768 bytes)
[    0.864588] pinctrl core: initialized pinctrl subsystem
[    0.866961] RTC time: 10:40:14, date: 04/18/23
[    0.869106] NET: Registered protocol family 16
[    0.878214] cpuidle: using governor ladder
[    0.887126] cpuidle: using governor menu
[    0.888748] PCCT header not found.
[    0.890696] ACPI: bus type PCI registered
[    0.892212] acpiphp: ACPI Hot Plug PCI Controller Driver version: 0.5
[    0.894301] PCI: Using configuration type 1 for base access
[    0.896094] PCI: Using configuration type 1 for extended access
[    0.908855] ACPI: Added _OSI(Module Device)
[    0.911066] ACPI: Added _OSI(Processor Device)
[    0.914155] ACPI: Added _OSI(3.0 _SCP Extensions)
[    0.916997] ACPI: Added _OSI(Processor Aggregator Device)
[    0.919743] ACPI: Executed 1 blocks of module-level executable AML code
[    0.958554] ACPI: Interpreter enabled
[    0.960267] ACPI: (supports S0 S5)
[    0.963147] ACPI: Using IOAPIC for interrupt routing
[    0.969502] PCI: Using host bridge windows from ACPI; if necessary, use "pci=nocrs" and report a bug
[    0.981002] ACPI: PCI Root Bridge [PCI0] (domain 0000 [bus 00-ff])
[    0.983090] acpi PNP0A03:00: _OSC: OS supports [ExtendedConfig ASPM ClockPM Segments MSI]
[    0.989406] acpi PNP0A03:00: _OSC: platform does not support [PCIeCapability]
[    0.998409] acpi PNP0A03:00: _OSC: not requesting control; platform does not support [PCIeCapability]
[    1.028530] acpi PNP0A03:00: _OSC: OS requested [PCIeHotplug PME AER PCIeCapability]
[    1.030995] acpi PNP0A03:00: _OSC: platform willing to grant [PCIeHotplug PME AER]
[    1.035218] acpi PNP0A03:00: _OSC failed (AE_SUPPORT); disabling ASPM
[    1.038005] PCI host bridge to bus 0000:00
[    1.051874] pci_bus 0000:00: root bus resource [io  0x0000-0x0cf7 window]
[    1.053654] pci_bus 0000:00: root bus resource [io  0x0d00-0xffff window]
[    1.055125] pci_bus 0000:00: root bus resource [mem 0x000a0000-0x000bffff window]
[    1.057109] pci_bus 0000:00: root bus resource [mem 0x40000000-0xfdffffff window]
[    1.059206] pci_bus 0000:00: root bus resource [bus 00-ff]
[    1.064354] pci 0000:00:01.1: legacy IDE quirk: reg 0x10: [io  0x01f0-0x01f7]
[    1.066366] pci 0000:00:01.1: legacy IDE quirk: reg 0x14: [io  0x03f6]
[    1.068559] pci 0000:00:01.1: legacy IDE quirk: reg 0x18: [io  0x0170-0x0177]
[    1.070407] pci 0000:00:01.1: legacy IDE quirk: reg 0x1c: [io  0x0376]
[    1.100099] pci 0000:00:07.0: quirk: [io  0x4000-0x403f] claimed by PIIX4 ACPI
[    1.102033] pci 0000:00:07.0: quirk: [io  0x4100-0x410f] claimed by PIIX4 SMB
[    1.120077] ACPI: PCI Interrupt Link [LNKA] (IRQs 5 9 10 *11)
[    1.123658] ACPI: PCI Interrupt Link [LNKB] (IRQs 5 9 *10 11)
[    1.125985] ACPI: PCI Interrupt Link [LNKC] (IRQs 5 *9 10 11)
[    1.128573] ACPI: PCI Interrupt Link [LNKD] (IRQs 5 9 10 *11)
[    1.130779] ACPI: Enabled 2 GPEs in block 00 to 07
[    1.133119] vgaarb: setting as boot device: PCI:0000:00:02.0
[    1.134742] vgaarb: device added: PCI:0000:00:02.0,decodes=io+mem,owns=io+mem,locks=none
[    1.137034] vgaarb: loaded
[    1.137998] vgaarb: bridge control possible 0000:00:02.0
[    1.139931] SCSI subsystem initialized
[    1.141802] ACPI: bus type USB registered
[    1.143182] usbcore: registered new interface driver usbfs
[    1.144904] usbcore: registered new interface driver hub
[    1.146209] usbcore: registered new device driver usb
[    1.148163] PCI: Using ACPI for IRQ routing
[    1.149824] NetLabel: Initializing
[    1.150964] NetLabel:  domain hash size = 128
[    1.151930] NetLabel:  protocols = UNLABELED CIPSOv4
[    1.153436] NetLabel:  unlabeled traffic allowed by default
[    1.156061] amd_nb: Cannot enumerate AMD northbridges
[    1.157266] clocksource: Switched to clocksource kvm-clock
[    1.171521] AppArmor: AppArmor Filesystem Enabled
[    1.172978] pnp: PnP ACPI init
[    1.175361] pnp: PnP ACPI: found 3 devices
[    1.190755] clocksource: acpi_pm: mask: 0xffffff max_cycles: 0xffffff, max_idle_ns: 2085701024 ns
[    1.193287] NET: Registered protocol family 2
[    1.194761] TCP established hash table entries: 8192 (order: 4, 65536 bytes)
[    1.196711] TCP bind hash table entries: 8192 (order: 5, 131072 bytes)
[    1.198637] TCP: Hash tables configured (established 8192 bind 8192)
[    1.203479] UDP hash table entries: 512 (order: 2, 16384 bytes)
[    1.205112] UDP-Lite hash table entries: 512 (order: 2, 16384 bytes)
[    1.208529] NET: Registered protocol family 1
[    1.210150] pci 0000:00:00.0: Limiting direct PCI/PCI transfers
[    1.211918] pci 0000:00:01.0: Activating ISA DMA hang workarounds
[    1.214223] Unpacking initramfs...
[    1.563652] Freeing initrd memory: 14888K
[    1.566614] clocksource: tsc: mask: 0xffffffffffffffff max_cycles: 0x256839dc7e7, max_idle_ns: 440795215929 ns
[    1.569981] platform rtc_cmos: registered platform RTC device (no PNP device found)
[    1.572669] Scanning for low memory corruption every 60 seconds
[    1.576711] audit: initializing netlink subsys (disabled)
[    1.578680] audit: type=2000 audit(1681814422.937:1): initialized
[    1.580644] Initialise system trusted keyring
[    1.582337] HugeTLB registered 2 MB page size, pre-allocated 0 pages
[    1.586339] zbud: loaded
[    1.588671] VFS: Disk quotas dquot_6.6.0
[    1.590155] VFS: Dquot-cache hash table entries: 512 (order 0, 4096 bytes)
[    1.592773] squashfs: version 4.0 (2009/01/31) Phillip Lougher
[    1.598927] fuse init (API version 7.23)
[    1.600897] Key type big_key registered
[    1.602352] Allocating IMA MOK and blacklist keyrings.
[    1.606277] Key type asymmetric registered
[    1.607855] Asymmetric key parser 'x509' registered
[    1.609243] Block layer SCSI generic (bsg) driver version 0.4 loaded (major 249)
[    1.622505] io scheduler noop registered
[    1.623901] io scheduler deadline registered (default)
[    1.625549] io scheduler cfq registered
[    1.626993] pci_hotplug: PCI Hot Plug PCI Core version: 0.5
[    1.629091] pciehp: PCI Express Hot Plug Controller Driver version: 0.4
[    1.631563] ACPI: AC Adapter [AC] (on-line)
[    1.633052] input: Power Button as /devices/LNXSYSTM:00/LNXPWRBN:00/input/input0
[    1.636324] ACPI: Power Button [PWRF]
[    1.637666] input: Sleep Button as /devices/LNXSYSTM:00/LNXSLPBN:00/input/input1
[    1.639984] ACPI: Sleep Button [SLPF]
[    1.642227] ACPI: Battery Slot [BAT0] (battery present)
[    1.644374] GHES: HEST is not enabled!
[    1.645782] Serial: 8250/16550 driver, 32 ports, IRQ sharing enabled
[    1.668294] 00:02: ttyS0 at I/O 0x3f8 (irq = 4, base_baud = 115200) is a 16550A
[    1.678858] Linux agpgart interface v0.103
[    1.689099] loop: module loaded
[    1.690800] scsi host0: ata_piix
[    1.692111] scsi host1: ata_piix
[    1.693850] ata1: PATA max UDMA/33 cmd 0x1f0 ctl 0x3f6 bmdma 0xd000 irq 14
[    1.695565] ata2: PATA max UDMA/33 cmd 0x170 ctl 0x376 bmdma 0xd008 irq 15
[    1.697929] libphy: Fixed MDIO Bus: probed
[    1.698976] tun: Universal TUN/TAP device driver, 1.6
[    1.700108] tun: (C) 1999-2004 Max Krasnyansky <maxk@qualcomm.com>
[    1.701499] PPP generic driver version 2.4.2
[    1.702557] ehci_hcd: USB 2.0 'Enhanced' Host Controller (EHCI) Driver
[    1.704219] ehci-pci: EHCI PCI platform driver
[    1.705281] ehci-platform: EHCI generic platform driver
[    1.706436] ohci_hcd: USB 1.1 'Open' Host Controller (OHCI) Driver
[    1.707769] ohci-pci: OHCI PCI platform driver
[    1.709003] ohci-platform: OHCI generic platform driver
[    1.710156] uhci_hcd: USB Universal Host Controller Interface driver
[    1.711500] i8042: PNP: PS/2 Controller [PNP0303:PS2K,PNP0f03:PS2M] at 0x60,0x64 irq 1,12
[    1.714400] serio: i8042 KBD port at 0x60,0x64 irq 1
[    1.715599] serio: i8042 AUX port at 0x60,0x64 irq 12
[    1.717080] mousedev: PS/2 mouse device common for all mice
[    1.718733] input: AT Translated Set 2 keyboard as /devices/platform/i8042/serio0/input/input2
[    1.721757] rtc_cmos rtc_cmos: rtc core: registered rtc_cmos as rtc0
[    1.723447] rtc_cmos rtc_cmos: alarms up to one day, 114 bytes nvram
[    1.725031] i2c /dev entries driver
[    1.726061] device-mapper: uevent: version 1.0.3
[    1.727637] device-mapper: ioctl: 4.34.0-ioctl (2015-10-28) initialised: dm-devel@redhat.com
[    1.729880] ledtrig-cpu: registered to indicate activity on CPUs
[    1.731763] NET: Registered protocol family 10
[    1.734040] NET: Registered protocol family 17
[    1.735451] Key type dns_resolver registered
[    1.748628] registered taskstats version 1
[    1.750457] Loading compiled-in X.509 certificates
[    1.752633] Loaded X.509 cert 'Build time autogenerated kernel key: cf00e047681d67edb2720680708b7d9498083038'
[    1.754833] zswap: loaded using pool lzo/zbud
[    1.759257] Key type trusted registered
[    1.764987] Key type encrypted registered
[    1.766445] AppArmor: AppArmor sha1 policy hashing enabled
[    1.768299] ima: No TPM chip found, activating TPM-bypass!
[    1.769527] ima: Allocated hash algorithm: sha1
[    1.770480] evm: HMAC attrs: 0x1
[    1.771560]   Magic number: 3:532:679
[    1.772719] rtc_cmos rtc_cmos: setting system clock to 2023-04-18 10:40:15 UTC (1681814415)
[    1.774792] BIOS EDD facility v0.16 2004-Jun-25, 0 devices found
[    1.776272] EDD information not available.
[    1.900218] Freeing unused kernel memory: 1492K
[    1.901583] Write protecting the kernel read-only data: 14336k
[    1.904066] Freeing unused kernel memory: 1584K
[    1.907250] Freeing unused kernel memory: 52K
Loading, please wait...
starting version 229
[    1.930252] random: systemd-udevd: uninitialized urandom read (16 bytes read, 3 bits of entropy available)
[    1.931257] random: udevadm: uninitialized urandom read (16 bytes read, 3 bits of entropy available)
[    1.931297] random: udevadm: uninitialized urandom read (16 bytes read, 3 bits of entropy available)
[    1.939405] random: systemd-udevd: uninitialized urandom read (16 bytes read, 3 bits of entropy available)
[    1.947810] random: udevadm: uninitialized urandom read (16 bytes read, 3 bits of entropy available)
[    1.947877] random: udevadm: uninitialized urandom read (16 bytes read, 3 bits of entropy available)
[    1.949024] random: udevadm: uninitialized urandom read (16 bytes read, 3 bits of entropy available)
[    1.949102] random: udevadm: uninitialized urandom read (16 bytes read, 3 bits of entropy available)
[    1.949175] random: udevadm: uninitialized urandom read (16 bytes read, 3 bits of entropy available)
[    1.949248] random: udevadm: uninitialized urandom read (16 bytes read, 3 bits of entropy available)
[    4.993095] Fusion MPT base driver 3.04.20
[    4.995286] Copyright (c) 1999-2008 LSI Corporation
[    5.123250] e1000: Intel(R) PRO/1000 Network Driver - version 7.3.21-k8-NAPI
[    5.132423] e1000: Copyright (c) 1999-2006 Intel Corporation.
[    5.179322] Fusion MPT SPI Host driver 3.04.20
[    5.201619] AVX2 version of gcm_enc/dec engaged.
[    5.204334] AES CTR mode by8 optimization enabled
[    5.403852] input: ImExPS/2 Generic Explorer Mouse as /devices/platform/i8042/serio1/input/input4
[    5.829569] e1000 0000:00:03.0 eth0: (PCI:33MHz:32-bit) 02:be:82:6b:cc:1d
[    5.833209] e1000 0000:00:03.0 eth0: Intel(R) PRO/1000 Network Connection
[    6.722392] e1000 0000:00:08.0 eth1: (PCI:33MHz:32-bit) 08:00:27:84:39:35
[    6.724923] e1000 0000:00:08.0 eth1: Intel(R) PRO/1000 Network Connection
[    6.728939] mptbase: ioc0: Initiating bringup
[    6.732379] e1000 0000:00:08.0 enp0s8: renamed from eth1
[    6.747551] e1000 0000:00:03.0 enp0s3: renamed from eth0
[    6.876051] ioc0: LSI53C1030 A0: Capabilities={Initiator}
[    8.374411] scsi host2: ioc0: LSI53C1030 A0, FwRev=00000000h, Ports=1, MaxQ=256, IRQ=20
[    8.930315] scsi 2:0:0:0: Direct-Access     VBOX     HARDDISK         1.0  PQ: 0 ANSI: 5
[    8.933103] scsi target2:0:0: Beginning Domain Validation
[    8.935324] scsi target2:0:0: Domain Validation skipping write tests
[    8.936959] scsi target2:0:0: Ending Domain Validation
[    8.938311] scsi target2:0:0: asynchronous
[    8.940010] scsi 2:0:1:0: Direct-Access     VBOX     HARDDISK         1.0  PQ: 0 ANSI: 5
[    8.942252] scsi target2:0:1: Beginning Domain Validation
[    8.944752] scsi target2:0:1: Domain Validation skipping write tests
[    8.947455] scsi target2:0:1: Ending Domain Validation
[    8.949040] scsi target2:0:1: asynchronous
[    8.960512] sd 2:0:0:0: Attached scsi generic sg0 type 0
[    8.962240] sd 2:0:0:0: [sda] 83886080 512-byte logical blocks: (42.9 GB/40.0 GiB)
[    8.964470] sd 2:0:0:0: [sda] Write Protect is off
[    8.965216] sd 2:0:1:0: [sdb] 20480 512-byte logical blocks: (10.5 MB/10.0 MiB)
[    8.965558] sd 2:0:1:0: [sdb] Write Protect is off
[    8.965707] sd 2:0:1:0: [sdb] Incomplete mode parameter data
[    8.965709] sd 2:0:1:0: [sdb] Assuming drive cache: write through
[    8.970009] sd 2:0:1:0: Attached scsi generic sg1 type 0
[    8.972868] sd 2:0:1:0: [sdb] Attached SCSI disk
[    8.977886] sd 2:0:0:0: [sda] Incomplete mode parameter data
[    8.979524] sd 2:0:0:0: [sda] Assuming drive cache: write through
[    8.984677]  sda: sda1
[    8.987587] sd 2:0:0:0: [sda] Attached SCSI disk
Begin: Loading essential drivers ... [   10.512600] md: linear personality registered for level -1
[   10.517647] md: multipath personality registered for level -4
[   10.521558] md: raid0 personality registered for level 0
[   10.527055] md: raid1 personality registered for level 1
[   10.597455] raid6: sse2x1   gen()  5750 MB/s
[   10.666022] raid6: sse2x1   xor()  4014 MB/s
[   10.737308] raid6: sse2x2   gen()  7968 MB/s
[   10.805376] raid6: sse2x2   xor()  5078 MB/s
[   10.874772] raid6: sse2x4   gen()  8765 MB/s
[   10.965668] raid6: sse2x4   xor()   784 MB/s
[   11.159401] raid6: avx2x1   gen()   780 MB/s
[   11.298712] raid6: avx2x2   gen()   311 MB/s
[   11.469699] raid6: avx2x4   gen()   469 MB/s
[   11.499949] raid6: using algorithm sse2x4 gen() 8765 MB/s
[   11.533481] raid6: .... xor() 784 MB/s, rmw enabled
[   11.724165] raid6: using avx2x2 recovery algorithm
[   12.518896] xor: automatically using best checksumming function:
[   13.059287]    avx       :  7323.000 MB/sec
[   13.231965] async_tx: api initialized (async)
[   13.933012] md: raid6 personality registered for level 6
[   13.934808] md: raid5 personality registered for level 5
[   13.936246] md: raid4 personality registered for level 4
[   13.947544] md: raid10 personality registered for level 10
done.
Begin: Running /scripts/init-premount ... done.
Begin: Mounting root file system ... Begin: Running /scripts/local-top ... done.
Begin: Running /scripts/local-premount ... [   14.033846] Btrfs loaded
Scanning for Btrfs filesystems
done.
Warning: fsck not present, so skipping root file system
[   14.095186] EXT4-fs (sda1): mounted filesystem with ordered data mode. Opts: (null)
done.
Begin: Running /scripts/local-bottom ... done.
Begin: Running /scripts/init-bottom ... done.
[   14.290525] systemd[1]: systemd 229 running in system mode. (+PAM +AUDIT +SELINUX +IMA +APPARMOR +SMACK +SYSVINIT +UTMP +LIBCRYPTSETUP +GCRYPT +GNUTLS +ACL +XZ -LZ4 +SECCOMP +BLKID +ELFUTILS +KMOD -IDN)
[   14.299145] systemd[1]: Detected virtualization oracle.
[   14.301441] systemd[1]: Detected architecture x86-64.

Welcome to [1mUbuntu 16.04.7 LTS[0m!

[   14.318300] systemd[1]: Set hostname to <ubuntu>.
[   14.322907] systemd[1]: Initializing machine ID from random generator.
[   14.324867] systemd[1]: Installed transient /etc/machine-id file.
[   14.575185] systemd[1]: Started Forward Password Requests to Wall Directory Watch.
[[0;32m  OK  [0m] Started Forward Password Requests to Wall Directory Watch.
[   14.581272] systemd[1]: Listening on fsck to fsckd communication Socket.
[[0;32m  OK  [0m] Listening on fsck to fsckd communication Socket.
[   14.585435] systemd[1]: Started Trigger resolvconf update for networkd DNS.
[[0;32m  OK  [0m] Started Trigger resolvconf update for networkd DNS.
[   14.590454] systemd[1]: Listening on LVM2 metadata daemon socket.
[[0;32m  OK  [0m] Listening on LVM2 metadata daemon socket.
[   14.595182] systemd[1]: Listening on Device-mapper event daemon FIFOs.
[[0;32m  OK  [0m] Listening on Device-mapper event daemon FIFOs.
[   14.600185] systemd[1]: Listening on Journal Socket.
[[0;32m  OK  [0m] Listening on Journal Socket.
[   14.602922] systemd[1]: Listening on Journal Socket (/dev/log).
[[0;32m  OK  [0m] Listening on Journal Socket (/dev/log).
[   14.625798] systemd[1]: Listening on udev Control Socket.
[[0;32m  OK  [0m] Listening on udev Control Socket.
[   14.634532] systemd[1]: Created slice User and Session Slice.
[[0;32m  OK  [0m] Created slice User and Session Slice.
[   14.637970] systemd[1]: Reached target Encrypted Volumes.
[[0;32m  OK  [0m] Reached target Encrypted Volumes.
[   14.642914] systemd[1]: Listening on LVM2 poll daemon socket.
[[0;32m  OK  [0m] Listening on LVM2 poll daemon socket.
[   14.647181] systemd[1]: Listening on Journal Audit Socket.
[[0;32m  OK  [0m] Listening on Journal Audit Socket.
[   14.651204] systemd[1]: Listening on /dev/initctl Compatibility Named Pipe.
[[0;32m  OK  [0m] Listening on /dev/initctl Compatibility Named Pipe.
[   14.655398] systemd[1]: Set up automount Arbitrary Executable File Formats File System Automount Point.
[[0;32m  OK  [0m] Set up automount Arbitrary Executab...ats File System Automount Point.
[   14.682322] systemd[1]: Listening on udev Kernel Socket.
[[0;32m  OK  [0m] Listening on udev Kernel Socket.
[   14.688415] systemd[1]: Reached target Swap.
[[0;32m  OK  [0m] Reached target Swap.
[   14.691586] systemd[1]: Reached target User and Group Name Lookups.
[[0;32m  OK  [0m] Reached target User and Group Name Lookups.
[   14.701673] systemd[1]: Listening on Syslog Socket.
[[0;32m  OK  [0m] Listening on Syslog Socket.
[   14.705819] systemd[1]: Created slice System Slice.
[[0;32m  OK  [0m] Created slice System Slice.
[   14.722252] systemd[1]: Starting Create list of required static device nodes for the current kernel...
[   14.729480] random: nonblocking pool is initialized
         Starting Create list of required st... nodes for the current kernel...
[   14.735131] systemd[1]: Created slice system-serial\x2dgetty.slice.
[[0;32m  OK  [0m] Created slice system-serial\x2dgetty.slice.
[   14.741105] systemd[1]: Mounting Debug File System...
         Mounting Debug File System...
[   14.746359] systemd[1]: Starting Set console keymap...
         Starting Set console keymap...
[   14.751853] systemd[1]: Starting Load Kernel Modules...
         Starting Load Kernel Modules...
[   14.768291] systemd[1]: Starting Journal Service...
[   14.781965] Loading iSCSI transport class v2.0-870.
         Starting Journal Service...
[   14.807048] systemd[1]: Starting Nameserver information manager...
         Starting Nameserver information manager...
[   14.831750] systemd[1]: Starting Uncomplicated firewall...
         Starting Uncomplicated firewall...
[   14.844069] iscsi: registered transport (tcp)
[   14.851020] systemd[1]: Starting File System Check on Root Device...
         Starting File System Check on Root Device...
[   14.856275] systemd[1]: Reached target Slices.
[[0;32m  OK  [0m] Reached target Slices.
[   14.864708] systemd[1]: Starting Monitoring of LVM2 mirrors, snapshots etc. using dmeventd or progress polling...
         Starting Monitoring of LVM2 mirrors... dmeventd or progress polling...
[   14.892539] systemd[1]: Mounting POSIX Message Queue File System...
         Mounting POSIX Message Queue File System...
[   14.902978] systemd[1]: Mounting Huge Pages File System...
         Mounting Huge Pages File System...
[   14.928603] systemd[1]: Reached target System Time Synchronized.
[[0;32m  OK  [0m] Reached target System Time Synchronized.
[   14.937775] systemd[1]: Mounted Huge Pages File System.
[[0;32m  OK  [0m] Mounted Huge Pages File System.
[   14.941789] systemd[1]: Mounted POSIX Message Queue File System.
[[0;32m  OK  [0m] Mounted POSIX Message Queue File System.
[   14.946613] systemd[1]: Mounted Debug File System.
[[0;32m  OK  [0m] Mounted Debug File System.
[   14.956311] systemd[1]: Started Journal Service.
[[0;32m  OK  [0m] Started Journal Service.
[[0;32m  OK  [0m] Started Create list of required sta...ce nodes for the current kernel.
[[0;32m  OK  [0m] Started Set console keymap.
[[0;32m  OK  [0m] Started Uncomplicated firewall.
[   14.998960] iscsi: registered transport (iser)
[[0;32m  OK  [0m] Started Load Kernel Modules.
[[0;32m  OK  [0m] Started File System Check on Root Device.
[[0;32m  OK  [0m] Started Nameserver information manager.
[[0;32m  OK  [0m] Started File System Check Daemon to report status.
[[0;32m  OK  [0m] Started LVM2 metadata daemon.
         Starting Remount Root and Kernel File Systems...
         Mounting FUSE Control File System...
         Starting Apply Kernel Variables...
[   15.057614] EXT4-fs (sda1): re-mounted. Opts: (null)
         Starting Create Static Device Nodes in /dev...
[[0;32m  OK  [0m] Mounted FUSE Control File System.
[[0;32m  OK  [0m] Started Remount Root and Kernel File Systems.
         Starting udev Coldplug all Devices...
         Starting Flush Journal to Persistent Storage...
         Starting Load/Save Random Seed...
[[0;32m  OK  [0m] Started Apply Kernel Variables.
[[0;32m  OK  [0m] Started Load/Save Random Seed.
[[0;32m  OK  [0m] Started Create Static Device Nodes in /dev.
[[0;32m  OK  [0m] Started Flush Journal to Persistent Storage.
         Starting udev Kernel Device Manager...
[[0;32m  OK  [0m] Started udev Coldplug all Devices.
[[0;32m  OK  [0m] Started udev Kernel Device Manager.
[[0;32m  OK  [0m] Started Dispatch Password Requests to Console Directory Watch.
[[0;32m  OK  [0m] Started Monitoring of LVM2 mirrors,...ng dmeventd or progress polling.
[[0;32m  OK  [0m] Reached target Local File Systems (Pre).
[[0;32m  OK  [0m] Reached target Local File Systems.
         Starting Set console font and keymap...
         Starting Tell Plymouth To Write Out Runtime Data...
         Starting Commit a transient machine-id on disk...
         Starting LSB: AppArmor initialization...
         Starting Create Volatile Files and Directories...
         Starting Initial cloud-init job (pre-networking)...
[[0;32m  OK  [0m] Started Tell Plymouth To Write Out Runtime Data.
[[0;32m  OK  [0m] Started Commit a transient machine-id on disk.
[[0;32m  OK  [0m] Started Create Volatile Files and Directories.
         Starting Update UTMP about System Boot/Shutdown...
[[0;32m  OK  [0m] Started Update UTMP about System Boot/Shutdown.
[[0;32m  OK  [0m] Found device /dev/ttyS0.
[[0;32m  OK  [0m] Listening on Load/Save RF Kill Switch Status /dev/rfkill Watch.
[[0;32m  OK  [0m] Started LSB: AppArmor initialization.
[[0;32m  OK  [0m] Started Set console font and keymap.
[[0;32m  OK  [0m] Created slice system-getty.slice.
         Starting Load AppArmor profiles managed internally by snapd...
[[0;32m  OK  [0m] Started Load AppArmor profiles managed internally by snapd.
[   20.113145] cloud-init[516]: Cloud-init v. 21.1-19-gbad84ad4-0ubuntu1~16.04.2 running 'init-local' at Tue, 18 Apr 2023 10:40:31 +0000. Up 16.93 seconds.
[[0;32m  OK  [0m] Started Initial cloud-init job (pre-networking).
[[0;32m  OK  [0m] Reached target Network (Pre).
         Starting Raise network interfaces...
[[0;32m  OK  [0m] Started Raise network interfaces.
[[0;32m  OK  [0m] Reached target Network.
         Starting Initial cloud-init job (metadata service crawler)...
[   22.482056] cloud-init[969]: Cloud-init v. 21.1-19-gbad84ad4-0ubuntu1~16.04.2 running 'init' at Tue, 18 Apr 2023 10:40:35 +0000. Up 21.24 seconds.
[   22.485101] cloud-init[969]: ci-info: ++++++++++++++++++++++++++++++++++++++Net device info+++++++++++++++++++++++++++++++++++++++
[   22.487593] cloud-init[969]: ci-info: +--------+-------+----------------------------+---------------+--------+-------------------+
[   22.490689] cloud-init[969]: ci-info: | Device |   Up  |          Address           |      Mask     | Scope  |     Hw-Address    |
[   22.502905] cloud-init[969]: ci-info: +--------+-------+----------------------------+---------------+--------+-------------------+
[   22.537845] cloud-init[969]: ci-info: | enp0s3 |  True |         10.0.2.15          | 255.255.255.0 | global | 02:be:82:6b:cc:1d |
[   22.542159] cloud-init[969]: ci-info: | enp0s3 |  True | fe80::be:82ff:fe6b:cc1d/64 |       .       |  link  | 02:be:82:6b:cc:1d |
[   22.552649] cloud-init[969]: ci-info: | enp0s8 | False |             .              |       .       |   .    | 08:00:27:84:39:35 |
[   22.565496] cloud-init[969]: ci-info: |   lo   |  True |         127.0.0.1          |   255.0.0.0   |  host  |         .         |
[   22.567909] cloud-init[969]: ci-info: |   lo   |  True |          ::1/128           |       .       |  host  |         .         |
[   22.572528] cloud-init[969]: ci-info: +--------+-------+----------------------------+---------------+--------+-------------------+
[   22.575083] cloud-init[969]: ci-info: +++++++++++++++++++++++++++Route IPv4 info++++++++++++++++++++++++++++
[   22.577993] cloud-init[969]: ci-info: +-------+-------------+----------+---------------+-----------+-------+
[   22.580006] cloud-init[969]: ci-info: | Route | Destination | Gateway  |    Genmask    | Interface | Flags |
[   22.581834] cloud-init[969]: ci-info: +-------+-------------+----------+---------------+-----------+-------+
[[0;32m  OK  [0m] Started Initial cloud-init job (metadata service crawler).
[[0;32m  OK  [0m] Reached target System Initialization.
[   22.583554] cloud-init[969]: ci-info: |   0   |   0.0.0.0   | 10.0.2.2 |    0.0.0.0    |   enp0s3  |   UG  |
[   22.600469] [cloud-init[0;32m  OK  [0m[969]: ] ci-info: |   1   |   10.0.2.0  | 0.0.0.0  | 255.255.255.0 |   enp0s3  |   U   |Started ACPI Events Check.

[   22.603057] [[0;32m  OK  [0m] Reached target Paths.
[[0;32m  OK  [0m] Listening on ACPID Listen Socket.
[[0;32m  OK  [0m] Listening on D-Bus System Message Bus Socket.
cloud-init[969]: ci-info: +-------+-------------+----------+---------------+-----------+-------+
[   22.606842]          cloud-initStarting LXD - unix socket.[969]: 
ci-info: +++++++++++++++++++Route IPv6 info+++++++++++++++++++
[   22.610604] cloud-init[969]: ci-info: +-------+-------------+---------+-----------+-------+
[   22.612452] cloud-init[969]: ci-info: | Route | Destination | Gateway | Interface | Flags |
[[0;32m  OK  [0m] Listening on UUID daemon activation socket.
[   22.615410] cloud-init[969]: ci-info: +-------+-------------+---------+-----------+-------+
[   22.617220] cloud-init[969]: ci-info: |   0   |  fe80::/64  |    ::   |   enp0s3  |   U   |
[[0;32m  OK  [0m] Started Daily Cleanup of Temporary Directories.
[   22.618235] cloud-init[969]: ci-info: |   3   |   ff00::/8  |    ::   |   enp0s3  |   U   |
[   22.636417] [cloud-init[0;32m  OK  [0m[969]: ] ci-info: +-------+-------------+---------+-----------+-------+Started Message of the Day.

[   22.638737] [[0;32m  OK  [0m] Started Daily apt download activities.
[[0;32m  OK  [0m] Started Daily apt upgrade and clean activities.
[[0;32m  OK  [0m] Started Ubuntu Advantage update messaging.
[[0;32m  OK  [0m] Reached target Timers.
         Starting Socket activation for snappy daemon.
[[0;32m  OK  [0m] Reached target Network is Online.
cloud-init[969]: Generating public/private rsa key pair.
[   22.647246] cloud-init[969]: Your identification has been saved in /etc/ssh/ssh_host_rsa_key.
[   22.648836] cloud-init[969]: Your public key has been saved in /etc/ssh/ssh_host_rsa_key.pub.
[   22.651813] cloud-init[969]: The key fingerprint is:
[   22.653149] cloud-init[969]: SHA256:bbvzxqr59zBYXgbj/EJUNnT38kbtxu3ZgF+MFMr4xtI root@ubuntu-xenial
[   22.655091] cloud-init[969]: The key's randomart image is:
[   22.656374]          Starting iSCSI initiator daemon (iscsid)...
[[0;32m  OK  [0m] Reached target Cloud-config availability.
[[0;32m  OK  [0m] Listening on LXD - unix socket.
[[0;32m  OK  [0m] Listening on Socket activation for snappy daemon.
[[0;32m  OK  [0m] Reached target Sockets.
[[0;32m  OK  [0m] Reached target Basic System.
[[0;32m  OK  [0m] Started FUSE filesystem for LXC.
cloud-init[969]: +---[RSA 2048]----+
[   22.664829]          Starting Snap Daemon...
cloud-init         Starting Accounts Service...
[969]:          Starting LSB: MD monitoring daemon...
         Starting Pollinate to seed the pseudo random number generator...
         Starting /etc/rc.local Compatibility...
         Starting System Logging Service...
[[0;32m  OK  [0m] Started D-Bus System Message Bus.
|             .* o|
[   22.727934] cloud-init[969]: |           o + ++|
[   22.764231] cloud-init[969]: |          . * o +|
[   22.769443] cloud-init[969]: |         . B = O.|
[   22.774165] cloud-init[969]: |        S + E = X|
[   22.776025] cloud-init[969]: |         . O = *o|
[   22.777707] cloud-init[969]: |          o.= o.o|
[   22.781166] cloud-init[969]: |         ...++   |
[   22.784097] cloud-init[969]: |        oo+*...  |
[   22.786912] cloud-init[969]: +----[SHA256]-----+
[   22.801457] cloud-init[969]: Generating public/private dsa key pair.
[   22.822621] cloud-init[969]: Your identification has been saved in /etc/ssh/ssh_host_dsa_key.
[   22.842773] cloud-init[969]: Your public key has been saved in /etc/ssh/ssh_host_dsa_key.pub.
[   22.846574] cloud-init[969]: The key fingerprint is:
[   22.854223] cloud-init[969]: SHA256:v7Wr2wuUyhCQuZWEPdmhg+9HO4AkyWyDAXWrCisCfuQ root@ubuntu-xenial
[   22.856724] cloud-init[969]: The key's randomart image is:
[   22.867981] cloud-init[969]: +---[DSA 1024]----+
[   22.878016] cloud-init[969]: |+.. o*.+..       |
[   22.880850] cloud-init[969]: | = o++*..        |
[   22.898952] cloud-init[969]: |. B +o+.         |
[[0;32m  OK  [0m] Started ACPI event daemon.
[   22.907904]          cloud-initStarting Virtualbox guest utils...[969]: 
| . =.o o   .     |
         Starting Login Service...
[   22.928998] cloud-init         Starting LSB: Record successful boot for GRUB...
[969]: |o ... + S o      |
[   22.935377] cloud-init[969]: |+oo  . = =       |
[[0;32m  OK  [0m] Started Regular background program processing daemon.
[   22.982516] cloud-init[969]: |=. E  . * o .    |
[   22.992732] cloud-init[969]: |o .    . . = .   |
[   22.997676] cloud-init[969]: |          +o=o   |
[[0;32m  OK  [0m] Started Deferred execution scheduler.
         Starting LXD - container startup/shutdown...
[[   23.000048] cloud-init[969]: +----[SHA256]-----+
[   23.009909] cloud-init[969]: Generating public/private ecdsa key pair.
[   23.010068] cloud-init[969]: Your identification has been saved in /etc/ssh/ssh_host_ecdsa_key.
[   23.010216] cloud-init[969]: Your public key has been saved in /etc/ssh/ssh_host_ecdsa_key.pub.
[   23.010359] cloud-init[969]: The key fingerprint is:
[   23.014254] cloud-init[969]: SHA256:Mo593DxLbRo+MrMGMqtXH0ZwWHhdhKBvBNtK1UIBZRc root@ubuntu-xenial
[   23.014427] cloud-init[969]: The key's randomart image is:
[   23.014716] cloud-init[969]: +---[ECDSA 256]---+
[   23.014986] cloud-init[969]: |      oBO=E=o    |
[0;32m  OK  [0m] Started System Logging Service.
[[0;32m  OK  [0m] Started /etc/rc.local Compatibility.
[   23.015458] cloud-init[969]: |      +B+.+      |
[   23.055098] cloud-init[969]: |      ++o.       |
[   23.066043] cloud-init[969]: |     . +.        |
[   23.077851] cloud-init[969]: |      +.S        |
         Starting Authenticate and Authorize Users to Run Privileged Tasks...
[   23.098979] cloud-init[969]: |    o+o=oo .     |
[[0;32m  OK  [0m] Started iSCSI initiator daemon (iscsid).
[[0;32m  OK  [0m] Started LSB: MD monitoring daemon.
[[0;32m  OK  [0m] Started LSB: Record successful boot for GRUB.
[[0;32m  OK  [0m] Started Login Service.
[   23.125245] cloud-init[969]: |    .=o+o.* o    |
[   23.157967] cloud-init[969]: |    o  .*o.*     |
[   23.161831] cloud-init[969]: |  .o   ..=+.     |[[0;32m  OK  [0m] Started Unattended Upgrades Shutdown.
         Starting Login to default iSCSI targets...
[   23.177265] cloud-init[969]: +----[SHA256]-----+

[   23.189281] cloud-init[969]: Generating public/private ed25519 key pair.
[   23.201352] cloud-init[969]: Your identification has been saved in /etc/ssh/ssh_host_ed25519_key.
[   23.224978] cloud-init[969]: Your public key has been saved in /etc/ssh/ssh_host_ed25519_key.pub.
[   23.227746] cloud-init[969]: The key fingerprint is:
[   23.239874] cloud-init[969]: SHA256:JhNt4xkXf9PhWX8PVDasd9/COhNo3M1K1SiOazVH5cU root@ubuntu-xenial[[0;32m  OK  [0m] Started Authenticate and Authorize Users to Run Privileged Tasks.
[[0;32m  OK  [0m] Started Accounts Service.

[[0;32m  OK  [0m] Started Login to default iSCSI targets.
[[0;32m  OK  [0m] Reached target Remote File Systems (Pre).
[[0;32m  OK  [0m] Reached target Remote File Systems.
[   23.257395] cloud-init[969]: The key's randomart image is:
[   23.262618]          cloud-initStarting Permit User Sessions...[969]: 
+--[ED25519 256]--+
         Starting LSB: Set the CPU Frequency Scaling governor to "ondemand"...
         Starting LSB: daemon to balance interrupts for SMP systems...
         Starting LSB: automatic crash report generation...
[[0;32m  OK  [0m] Started Permit User Sessions.
         Starting Terminate Plymouth Boot Screen...
         Starting Hold until boot process finishes up...
[   23.264024] cloud-init[969]: |          .   o=+|
[[0;32m  OK  [0m] Started Hold until boot process finishes up.
[[0;32m  OK  [0m] Started Getty on tty1.
[[0;32m  OK  [0m] Started Serial Getty on ttyS0.
[[0;32m  OK  [0m] Reached target Login Prompts.
[   23.300466] cloud-init[969]: |       .   o ..+E|
         Starting Set console scheme...
[   23.337114] cloud-init[969]: |      . = . . =B=|
[   23.343291] cloud-init[969]: |       + =  .o++*|
[[0;32m  OK  [0m] Started Terminate Plymouth Boot Screen.
[[0;32m  OK  [0m] Started Set console scheme.
[   23.352951] cloud-init[969]: |      o S. = B. =|
[   23.371597] cloud-init[969]: |       +  = B * o|
[   23.373018] cloud-init[969]: |         . + * . |
[   23.374464] cloud-init[969]: |          o =    |
[[0;32m  OK  [0m] Started LSB: Set the CPU Frequency Scaling governor to "ondemand".
[   23.394790] cloud-init[969]: |         .   o   |
[   23.407968] cloud-init[969]: +----[SHA256]-----+
[[0;32m  OK  [0m] Started LSB: automatic crash report generation.
[[0;32m  OK  [0m] Started Virtualbox guest utils.
[[0;32m  OK  [0m] Started LSB: daemon to balance interrupts for SMP systems.
[[0;32m  OK  [0m] Started LXD - container startup/shutdown.
[[0;32m  OK  [0m] Started Pollinate to seed the pseudo random number generator.
         Starting OpenBSD Secure Shell server...
[[0;32m  OK  [0m] Started Snap Daemon.
         Starting Wait until snapd is fully seeded...
[[0;32m  OK  [0m] Started OpenBSD Secure Shell server.
[[0;32m  OK  [0m] Started Wait until snapd is fully seeded.
         Starting Apply the settings specified in cloud-config...
[[0;32m  OK  [0m] Reached target Multi-User System.
[[0;32m  OK  [0m] Reached target Graphical Interface.
         Starting Update UTMP about System Runlevel Changes...
[[0;32m  OK  [0m] Started Update UTMP about System Runlevel Changes.
[   27.055266] cloud-init[1325]: Generating locales (this might take a while)...
[   28.387697] cloud-init[1325]:   en_US.UTF-8... done
[   28.391892] cloud-init[1325]: Generation complete.
[   28.965094] cloud-init[1325]: Cloud-init v. 21.1-19-gbad84ad4-0ubuntu1~16.04.2 running 'modules:config' at Tue, 18 Apr 2023 10:40:41 +0000. Up 26.84 seconds.

Ubuntu 16.04.7 LTS ubuntu-xenial ttyS0

ubuntu-xenial login: ci-info: no authorized SSH keys fingerprints found for user ubuntu.
<14>Apr 18 10:40:44 ec2: 
<14>Apr 18 10:40:44 ec2: #############################################################
<14>Apr 18 10:40:44 ec2: -----BEGIN SSH HOST KEY FINGERPRINTS-----
<14>Apr 18 10:40:44 ec2: 1024 SHA256:v7Wr2wuUyhCQuZWEPdmhg+9HO4AkyWyDAXWrCisCfuQ root@ubuntu-xenial (DSA)
<14>Apr 18 10:40:44 ec2: 256 SHA256:Mo593DxLbRo+MrMGMqtXH0ZwWHhdhKBvBNtK1UIBZRc root@ubuntu-xenial (ECDSA)
<14>Apr 18 10:40:44 ec2: 256 SHA256:JhNt4xkXf9PhWX8PVDasd9/COhNo3M1K1SiOazVH5cU root@ubuntu-xenial (ED25519)
<14>Apr 18 10:40:44 ec2: 2048 SHA256:bbvzxqr59zBYXgbj/EJUNnT38kbtxu3ZgF+MFMr4xtI root@ubuntu-xenial (RSA)
<14>Apr 18 10:40:44 ec2: -----END SSH HOST KEY FINGERPRINTS-----
<14>Apr 18 10:40:44 ec2: #############################################################
-----BEGIN SSH HOST KEY KEYS-----
ecdsa-sha2-nistp256 AAAAE2VjZHNhLXNoYTItbmlzdHAyNTYAAAAIbmlzdHAyNTYAAABBBKfMs1Wp8nBMHmvhvSKgFk5MFPjhejAanKICo73fB2YjK3IUdXH9D+uNa6cwKOdlcstlCrhRmhoPfGYThhOktSI= root@ubuntu-xenial
ssh-ed25519 AAAAC3NzaC1lZDI1NTE5AAAAICHuf9V71ksADFACE7iVsJtbx6R3vxgJziS9kiPhhOE6 root@ubuntu-xenial
ssh-rsa AAAAB3NzaC1yc2EAAAADAQABAAABAQDJ8aW0ng9PLvxummPfabdyHiiCNYjUkzzlSHIO1qcJM23M4qMeLqQwdkGFt7WlfUOwgmPVySoN/dmkM3WzU7P3VpfNQH0b4oYB65aIOYTJP539tUP3ik2GLC23UvSsSVWwY7LMAYWuwvXAgdW8FNbPO3dp04zEHCHQ5Th2B3mSV4mXhKRmrkGHH7PXCgV9md2rtwO83e/atQk1io3gJTEvRSXdtgGOC2/GAfPf1oSxBUJEepBp6AyEjS90Mg8/VR0OyN7o6nYoi/UoXGeTHJZLfDWVDlKVQdiha3Krk1T3g4aJdjA/pkwp9+EJN0ax5Sca2gIQ/gnz/jkN6olI19IR root@ubuntu-xenial
-----END SSH HOST KEY KEYS-----
[   30.020422] cloud-init[1377]: Cloud-init v. 21.1-19-gbad84ad4-0ubuntu1~16.04.2 running 'modules:final' at Tue, 18 Apr 2023 10:40:43 +0000. Up 29.71 seconds.
[   30.023512] cloud-init[1377]: ci-info: no authorized SSH keys fingerprints found for user ubuntu.
[   30.024628] cloud-init[1377]: Cloud-init v. 21.1-19-gbad84ad4-0ubuntu1~16.04.2 finished at Tue, 18 Apr 2023 10:40:44 +0000. Datasource DataSourceNoCloud [seed=/dev/sdb][dsmode=net].  Up 30.00 seconds
